2021-03-07 09:42:39,389 INFO PERFORMANCE:|0|0|-1|-1

2021-03-07 09:47:39,418 INFO PERFORMANCE:|0|0|-1|-1

2021-03-07 09:52:39,423 INFO PERFORMANCE:|0|0|-1|-1

2021-03-07 09:57:39,444 INFO PERFORMANCE:|0|0|-1|-1

2021-03-07 10:02:39,447 INFO PERFORMANCE:|0|0|-1|-1

2021-03-07 10:07:39,444 INFO PERFORMANCE:|0|0|-1|-1

2021-03-07 10:12:39,440 INFO PERFORMANCE:|0|0|-1|-1

2021-03-07 10:17:39,438 INFO PERFORMANCE:|0|0|-1|-1

2021-03-07 10:22:39,438 INFO PERFORMANCE:|0|0|-1|-1

2021-03-07 10:27:39,437 INFO PERFORMANCE:|0|0|-1|-1

2021-03-07 10:32:39,442 INFO PERFORMANCE:|0|0|-1|-1

2021-03-07 10:37:39,444 INFO PERFORMANCE:|0|0|-1|-1

2021-03-07 10:42:39,474 INFO PERFORMANCE:|0|0|-1|-1

2021-03-07 10:47:39,479 INFO PERFORMANCE:|0|0|-1|-1

2021-03-07 10:52:39,478 INFO PERFORMANCE:|0|0|-1|-1

2021-03-07 10:57:39,484 INFO PERFORMANCE:|0|0|-1|-1

2021-03-07 11:02:39,486 INFO PERFORMANCE:|0|0|-1|-1

2021-03-07 11:07:39,490 INFO PERFORMANCE:|0|0|-1|-1

2021-03-07 11:12:39,494 INFO PERFORMANCE:|0|0|-1|-1

2021-03-07 11:17:39,542 INFO PERFORMANCE:|0|0|-1|-1

2021-03-07 11:22:39,547 INFO PERFORMANCE:|0|0|-1|-1

2021-03-07 11:32:48,489 INFO PERFORMANCE:|0|0|-1|-1

2021-03-07 11:37:48,634 INFO PERFORMANCE:|0|0|-1|-1

2021-03-07 11:42:48,649 INFO PERFORMANCE:|0|0|-1|-1

2021-03-07 11:47:48,656 INFO PERFORMANCE:|0|0|-1|-1

2021-03-07 11:52:48,664 INFO PERFORMANCE:|0|0|-1|-1

2021-03-07 12:50:56,525 INFO PERFORMANCE:|0|0|-1|-1

2021-03-07 12:55:56,526 INFO PERFORMANCE:|0|0|-1|-1

2021-03-07 13:00:56,534 INFO PERFORMANCE:|0|0|-1|-1

2021-03-07 13:05:56,542 INFO PERFORMANCE:|0|0|-1|-1

2021-03-07 13:10:56,560 INFO PERFORMANCE:|0|0|-1|-1

2021-03-07 13:15:56,564 INFO PERFORMANCE:|0|0|-1|-1

2021-03-07 13:20:56,568 INFO PERFORMANCE:|0|0|-1|-1

2021-03-07 13:25:56,576 INFO PERFORMANCE:|0|0|-1|-1

2021-03-07 13:30:56,578 INFO PERFORMANCE:|0|0|-1|-1

2021-03-07 13:35:56,590 INFO PERFORMANCE:|0|0|-1|-1

2021-03-07 13:40:56,595 INFO PERFORMANCE:|0|0|-1|-1

2021-03-07 13:45:56,600 INFO PERFORMANCE:|0|0|-1|-1

2021-03-07 13:50:56,603 INFO PERFORMANCE:|0|0|-1|-1

2021-03-07 13:55:56,608 INFO PERFORMANCE:|0|0|-1|-1

2021-03-07 14:00:56,609 INFO PERFORMANCE:|0|0|-1|-1

2021-03-07 14:05:56,613 INFO PERFORMANCE:|0|0|-1|-1

2021-03-07 14:10:56,618 INFO PERFORMANCE:|1|1|-1|-1

2021-03-07 14:15:56,624 INFO PERFORMANCE:|1|1|-1|-1

2021-03-07 14:20:56,627 INFO PERFORMANCE:|1|1|-1|-1

2021-03-07 14:25:56,633 INFO PERFORMANCE:|1|1|-1|-1

2021-03-07 14:30:56,640 INFO PERFORMANCE:|1|1|-1|-1

2021-03-07 14:35:56,646 INFO PERFORMANCE:|1|1|-1|-1

2021-03-07 14:39:34,745 INFO PERFORMANCE:|0|0|-1|-1

2021-03-07 14:41:33,035 INFO PERFORMANCE:|0|0|-1|-1

2021-03-07 14:45:27,547 INFO PERFORMANCE:|0|0|-1|-1

2021-03-07 14:50:02,179 INFO PERFORMANCE:|0|0|-1|-1

2021-03-07 14:55:02,182 INFO PERFORMANCE:|1|1|-1|-1

2021-03-07 15:00:02,185 INFO PERFORMANCE:|1|1|-1|-1

2021-03-07 15:05:02,192 INFO PERFORMANCE:|1|1|-1|-1

2021-03-07 15:10:02,198 INFO PERFORMANCE:|1|1|-1|-1

2021-03-07 15:15:02,204 INFO PERFORMANCE:|1|1|-1|-1

2021-03-07 15:20:02,213 INFO PERFORMANCE:|1|1|-1|-1

2021-03-07 15:25:02,222 INFO PERFORMANCE:|1|1|-1|-1

2021-03-07 15:30:02,227 INFO PERFORMANCE:|1|1|-1|-1

2021-03-07 15:35:02,230 INFO PERFORMANCE:|1|1|-1|-1

2021-03-07 16:00:52,710 INFO PERFORMANCE:|1|1|-1|-1

2021-03-07 16:05:53,080 INFO PERFORMANCE:|1|1|-1|-1

2021-03-07 16:42:44,154 INFO PERFORMANCE:|1|1|-1|-1

