
         ,--.
       ,--.'|
   ,--,:  : |                                           Nacos 1.4.1
,`--.'`|  ' :                       ,---.               Running in stand alone mode, All function modules
|   :  :  | |                      '   ,'\   .--.--.    Port: 8848
:   |   \ | :  ,--.--.     ,---.  /   /   | /  /    '   Pid: 31
|   : '  '; | /       \   /     \.   ; ,. :|  :  /`./   Console: http://8fc8edb65f0e:8848/nacos/index.html
'   ' ;.    ;.--.  .-. | /    / ''   | |: :|  :  ;_
|   | | \   | \__\/: . ..    ' / '   | .; : \  \    `.      https://nacos.io
'   : |  ; .' ," .--.; |'   ; :__|   :    |  `----.   \
|   | '`--'  /  /  ,.  |'   | '.'|\   \  /  /  /`--'  /
'   : |     ;  :   .'   \   :    : `----'  '--'.     /
;   |.'     |  ,     .-./\   \  /            `--'---'
'---'        `--`---'     `----'

2021-03-05 13:53:00,190 INFO Bean 'org.springframework.security.access.expression.method.DefaultMethodSecurityExpressionHandler@50dfbc58' of type [org.springframework.security.access.expression.method.DefaultMethodSecurityExpressionHandler] is not eligible for getting processed by all BeanPostProcessors (for example: not eligible for auto-proxying)

2021-03-05 13:53:00,197 INFO Bean 'methodSecurityMetadataSource' of type [org.springframework.security.access.method.DelegatingMethodSecurityMetadataSource] is not eligible for getting processed by all BeanPostProcessors (for example: not eligible for auto-proxying)

2021-03-05 13:53:00,532 INFO Tomcat initialized with port(s): 8848 (http)

2021-03-05 13:53:00,885 INFO Root WebApplicationContext: initialization completed in 3506 ms

2021-03-05 13:53:03,867 INFO Initializing ExecutorService 'applicationTaskExecutor'

2021-03-05 13:53:04,016 INFO Adding welcome page: class path resource [static/index.html]

2021-03-05 13:53:04,520 INFO Creating filter chain: Ant [pattern='/**'], []

2021-03-05 13:53:04,584 INFO Creating filter chain: any request, [org.springframework.security.web.context.request.async.WebAsyncManagerIntegrationFilter@7d61eccf, org.springframework.security.web.context.SecurityContextPersistenceFilter@1494b84d, org.springframework.security.web.header.HeaderWriterFilter@200a26bc, org.springframework.security.web.csrf.CsrfFilter@1f130eaf, org.springframework.security.web.authentication.logout.LogoutFilter@226f885f, org.springframework.security.web.savedrequest.RequestCacheAwareFilter@71a9b4c7, org.springframework.security.web.servletapi.SecurityContextHolderAwareRequestFilter@1df98368, org.springframework.security.web.authentication.AnonymousAuthenticationFilter@cc6460c, org.springframework.security.web.session.SessionManagementFilter@1b5bc39d, org.springframework.security.web.access.ExceptionTranslationFilter@21362712]

2021-03-05 13:53:04,728 INFO Initializing ExecutorService 'taskScheduler'

2021-03-05 13:53:04,765 INFO Exposing 16 endpoint(s) beneath base path '/actuator'

2021-03-05 13:53:04,923 INFO Tomcat started on port(s): 8848 (http) with context path '/nacos'

2021-03-05 13:53:04,928 INFO Nacos started successfully in stand alone mode. use embedded storage

2021-03-05 13:53:13,735 INFO Initializing Servlet 'dispatcherServlet'

2021-03-05 13:53:13,749 INFO Completed initialization in 14 ms

